Tue 18 Jun 2019 12:51:43 PM UTC,546 [16084] INFO core.email - ========== Message Begins ==========

Time : June 18, 2019, 12:51 pm
Message Type : Success
Message : Emails was sent to tauseef.asghar@eurekatechnologystudio.com using smtp

========== Message Ends ==========


Fri 05 Jul 2019 09:49:07 AM UTC,282 [1919] INFO core.email - ========== Message Begins ==========

Time : July 5, 2019, 9:49 am
Message Type : Success
Message : Leave application email was sent to imran@eurekatechnologystudio.com

========== Message Ends ==========


Wed 17 Jul 2019 08:45:44 AM UTC,057 [1954] INFO core.email - ========== Message Begins ==========

Time : July 17, 2019, 8:45 am
Message Type : Success
Message : Leave application email was sent to aqib.ali@eurekatechnologystudio.com

========== Message Ends ==========


Wed 17 Jul 2019 08:46:40 AM UTC,972 [1958] INFO core.email - ========== Message Begins ==========

Time : July 17, 2019, 8:46 am
Message Type : Success
Message : Leave application email was sent to aqib.ali@eurekatechnologystudio.com

========== Message Ends ==========


Wed 17 Jul 2019 08:47:42 AM UTC,283 [1957] INFO core.email - ========== Message Begins ==========

Time : July 17, 2019, 8:47 am
Message Type : Success
Message : Leave application email was sent to aqib.ali@eurekatechnologystudio.com

========== Message Ends ==========


Wed 17 Jul 2019 11:33:57 AM UTC,772 [1956] INFO core.email - ========== Message Begins ==========

Time : July 17, 2019, 11:33 am
Message Type : Success
Message : Leave application email was sent to imran@eurekatechnologystudio.com

========== Message Ends ==========


Wed 17 Jul 2019 11:34:42 AM UTC,241 [1953] INFO core.email - ========== Message Begins ==========

Time : July 17, 2019, 11:34 am
Message Type : Success
Message : Leave application email was sent to imran@eurekatechnologystudio.com

========== Message Ends ==========


Fri 19 Jul 2019 07:39:25 AM UTC,005 [1974] INFO core.email - ========== Message Begins ==========

Time : July 19, 2019, 7:39 am
Message Type : Success
Message : Leave application email was sent to nabeel@bigimmersive.com

========== Message Ends ==========


Fri 19 Jul 2019 07:40:41 AM UTC,176 [1974] INFO core.email - ========== Message Begins ==========

Time : July 19, 2019, 7:40 am
Message Type : Success
Message : Leave application email was sent to ramail.amjad@bigimmersive.com

========== Message Ends ==========


Fri 26 Jul 2019 09:46:06 AM UTC,365 [2033] INFO core.email - ========== Message Begins ==========

Time : July 26, 2019, 9:46 am
Message Type : Success
Message : Leave application email was sent to naveed.iqbal@eurekatechnologystudio.com

========== Message Ends ==========


Fri 26 Jul 2019 09:46:32 AM UTC,215 [2029] INFO core.email - ========== Message Begins ==========

Time : July 26, 2019, 9:46 am
Message Type : Success
Message : Leave application email was sent to aqib.ali@eurekatechnologystudio.com

========== Message Ends ==========


Fri 26 Jul 2019 09:46:48 AM UTC,763 [2032] INFO core.email - ========== Message Begins ==========

Time : July 26, 2019, 9:46 am
Message Type : Success
Message : Leave application email was sent to abdulmajid@eurekatechnologystudio.com

========== Message Ends ==========


Fri 26 Jul 2019 09:47:05 AM UTC,758 [2027] INFO core.email - ========== Message Begins ==========

Time : July 26, 2019, 9:47 am
Message Type : Success
Message : Leave application email was sent to sabhi@eurekatechnologystudio.com

========== Message Ends ==========


Fri 26 Jul 2019 09:47:31 AM UTC,895 [27816] INFO core.email - ========== Message Begins ==========

Time : July 26, 2019, 9:47 am
Message Type : Success
Message : Leave application email was sent to ameer.hamza@eurekatechnologystudio.com

========== Message Ends ==========


Fri 26 Jul 2019 09:47:46 AM UTC,869 [2031] INFO core.email - ========== Message Begins ==========

Time : July 26, 2019, 9:47 am
Message Type : Success
Message : Leave application email was sent to ameer.hamza@eurekatechnologystudio.com

========== Message Ends ==========


Fri 26 Jul 2019 09:48:05 AM UTC,315 [2026] INFO core.email - ========== Message Begins ==========

Time : July 26, 2019, 9:48 am
Message Type : Success
Message : Leave application email was sent to armaghan@eurekatechnologystudio.com

========== Message Ends ==========


Fri 26 Jul 2019 09:48:19 AM UTC,720 [1162] INFO core.email - ========== Message Begins ==========

Time : July 26, 2019, 9:48 am
Message Type : Success
Message : Leave application email was sent to aqib.ali@eurekatechnologystudio.com

========== Message Ends ==========


Fri 26 Jul 2019 09:51:47 AM UTC,488 [2031] INFO core.email - ========== Message Begins ==========

Time : July 26, 2019, 9:51 am
Message Type : Success
Message : Leave application email was sent to sabhi@eurekatechnologystudio.com

========== Message Ends ==========


Fri 26 Jul 2019 09:52:01 AM UTC,981 [2033] INFO core.email - ========== Message Begins ==========

Time : July 26, 2019, 9:52 am
Message Type : Success
Message : Leave application email was sent to shahroze@eurekatechnologystudio.com

========== Message Ends ==========


Fri 26 Jul 2019 09:52:33 AM UTC,776 [1162] INFO core.email - ========== Message Begins ==========

Time : July 26, 2019, 9:52 am
Message Type : Success
Message : Leave application email was sent to maavia.kamran@rebeltechnology.io

========== Message Ends ==========


Fri 26 Jul 2019 09:52:46 AM UTC,828 [2027] INFO core.email - ========== Message Begins ==========

Time : July 26, 2019, 9:52 am
Message Type : Success
Message : Leave application email was sent to ikram@eurekatechnologystudio.com

========== Message Ends ==========


Fri 26 Jul 2019 09:53:23 AM UTC,151 [2027] INFO core.email - ========== Message Begins ==========

Time : July 26, 2019, 9:53 am
Message Type : Success
Message : Leave application email was sent to yasir@eurekatechnologystudio.com

========== Message Ends ==========


Fri 26 Jul 2019 09:53:40 AM UTC,401 [2032] INFO core.email - ========== Message Begins ==========

Time : July 26, 2019, 9:53 am
Message Type : Success
Message : Leave application email was sent to shahroze@eurekatechnologystudio.com

========== Message Ends ==========


Fri 26 Jul 2019 09:54:06 AM UTC,093 [2026] INFO core.email - ========== Message Begins ==========

Time : July 26, 2019, 9:54 am
Message Type : Success
Message : Leave application email was sent to armaghan@eurekatechnologystudio.com

========== Message Ends ==========


Fri 26 Jul 2019 09:55:34 AM UTC,204 [2029] INFO core.email - ========== Message Begins ==========

Time : July 26, 2019, 9:55 am
Message Type : Success
Message : Leave application email was sent to aqib.ali@eurekatechnologystudio.com

========== Message Ends ==========


Mon 29 Jul 2019 10:40:14 AM UTC,881 [11664] INFO core.email - ========== Message Begins ==========

Time : July 29, 2019, 10:40 am
Message Type : Success
Message : Leave application email was sent to shahroze@eurekatechnologystudio.com

========== Message Ends ==========


Mon 29 Jul 2019 10:40:19 AM UTC,705 [11664] INFO core.email - ========== Message Begins ==========

Time : July 29, 2019, 10:40 am
Message Type : Success
Message : Leave application email was sent to mohammad.zeeshan@rebeltechnology.io

========== Message Ends ==========


Mon 29 Jul 2019 10:40:24 AM UTC,175 [11664] INFO core.email - ========== Message Begins ==========

Time : July 29, 2019, 10:40 am
Message Type : Success
Message : Leave application email was sent to yasir.javaid@rebeltechnology.io

========== Message Ends ==========


Mon 29 Jul 2019 10:40:28 AM UTC,684 [11664] INFO core.email - ========== Message Begins ==========

Time : July 29, 2019, 10:40 am
Message Type : Success
Message : Leave application email was sent to armaghan@eurekatechnologystudio.com

========== Message Ends ==========


Mon 29 Jul 2019 10:40:33 AM UTC,188 [11664] INFO core.email - ========== Message Begins ==========

Time : July 29, 2019, 10:40 am
Message Type : Success
Message : Leave application email was sent to ameer.hamza@eurekatechnologystudio.com

========== Message Ends ==========


Mon 29 Jul 2019 10:40:37 AM UTC,801 [11664] INFO core.email - ========== Message Begins ==========

Time : July 29, 2019, 10:40 am
Message Type : Success
Message : Leave application email was sent to sabhi@eurekatechnologystudio.com

========== Message Ends ==========


Mon 29 Jul 2019 10:40:42 AM UTC,430 [11664] INFO core.email - ========== Message Begins ==========

Time : July 29, 2019, 10:40 am
Message Type : Success
Message : Leave application email was sent to maavia.kamran@rebeltechnology.io

========== Message Ends ==========


Mon 29 Jul 2019 10:40:47 AM UTC,198 [11664] INFO core.email - ========== Message Begins ==========

Time : July 29, 2019, 10:40 am
Message Type : Success
Message : Leave application email was sent to ameer.hamza@eurekatechnologystudio.com

========== Message Ends ==========


Mon 29 Jul 2019 10:40:51 AM UTC,589 [11664] INFO core.email - ========== Message Begins ==========

Time : July 29, 2019, 10:40 am
Message Type : Success
Message : Leave application email was sent to aqib.ali@eurekatechnologystudio.com

========== Message Ends ==========


Mon 29 Jul 2019 10:40:56 AM UTC,162 [11664] INFO core.email - ========== Message Begins ==========

Time : July 29, 2019, 10:40 am
Message Type : Success
Message : Leave application email was sent to shahroze@eurekatechnologystudio.com

========== Message Ends ==========


Mon 29 Jul 2019 10:41:02 AM UTC,822 [11664] INFO core.email - ========== Message Begins ==========

Time : July 29, 2019, 10:41 am
Message Type : Success
Message : Leave application email was sent to aqib.ali@eurekatechnologystudio.com

========== Message Ends ==========


Mon 29 Jul 2019 10:41:07 AM UTC,592 [11664] INFO core.email - ========== Message Begins ==========

Time : July 29, 2019, 10:41 am
Message Type : Success
Message : Leave application email was sent to abdulmajid@eurekatechnologystudio.com

========== Message Ends ==========


Mon 29 Jul 2019 10:41:12 AM UTC,299 [11664] INFO core.email - ========== Message Begins ==========

Time : July 29, 2019, 10:41 am
Message Type : Success
Message : Leave application email was sent to bilal.afzal@rebeltechnology.io

========== Message Ends ==========


Mon 29 Jul 2019 10:41:16 AM UTC,878 [11664] INFO core.email - ========== Message Begins ==========

Time : July 29, 2019, 10:41 am
Message Type : Success
Message : Leave application email was sent to abdulmajid@eurekatechnologystudio.com

========== Message Ends ==========


Mon 29 Jul 2019 10:41:21 AM UTC,388 [11664] INFO core.email - ========== Message Begins ==========

Time : July 29, 2019, 10:41 am
Message Type : Success
Message : Leave application email was sent to imran@eurekatechnologystudio.com

========== Message Ends ==========


Mon 29 Jul 2019 10:41:25 AM UTC,975 [11664] INFO core.email - ========== Message Begins ==========

Time : July 29, 2019, 10:41 am
Message Type : Success
Message : Leave application email was sent to ameer.hamza@eurekatechnologystudio.com

========== Message Ends ==========


Mon 29 Jul 2019 10:41:30 AM UTC,805 [11664] INFO core.email - ========== Message Begins ==========

Time : July 29, 2019, 10:41 am
Message Type : Success
Message : Leave application email was sent to abdulmajid@eurekatechnologystudio.com

========== Message Ends ==========


Mon 29 Jul 2019 10:41:35 AM UTC,375 [11664] INFO core.email - ========== Message Begins ==========

Time : July 29, 2019, 10:41 am
Message Type : Success
Message : Leave application email was sent to ikram@eurekatechnologystudio.com

========== Message Ends ==========


Mon 29 Jul 2019 10:41:39 AM UTC,936 [11664] INFO core.email - ========== Message Begins ==========

Time : July 29, 2019, 10:41 am
Message Type : Success
Message : Leave application email was sent to shahroze@eurekatechnologystudio.com

========== Message Ends ==========


Mon 29 Jul 2019 10:41:44 AM UTC,678 [11664] INFO core.email - ========== Message Begins ==========

Time : July 29, 2019, 10:41 am
Message Type : Success
Message : Leave application email was sent to armaghan@eurekatechnologystudio.com

========== Message Ends ==========


Mon 29 Jul 2019 10:41:49 AM UTC,178 [11664] INFO core.email - ========== Message Begins ==========

Time : July 29, 2019, 10:41 am
Message Type : Success
Message : Leave application email was sent to armaghan@eurekatechnologystudio.com

========== Message Ends ==========


Mon 29 Jul 2019 10:41:53 AM UTC,728 [11664] INFO core.email - ========== Message Begins ==========

Time : July 29, 2019, 10:41 am
Message Type : Success
Message : Leave application email was sent to ameer.hamza@eurekatechnologystudio.com

========== Message Ends ==========


Thu 01 Aug 2019 07:43:11 AM UTC,912 [1995] INFO core.email - ========== Message Begins ==========

Time : August 1, 2019, 7:43 am
Message Type : Success
Message : Emails was sent to naveed.iqbal@rebeltechnology.io using smtp

========== Message Ends ==========


Thu 01 Aug 2019 07:54:45 AM UTC,275 [8510] INFO core.email - ========== Message Begins ==========

Time : August 1, 2019, 7:54 am
Message Type : Success
Message : Leave application email was sent to abdulmajid@eurekatechnologystudio.com

========== Message Ends ==========


Thu 01 Aug 2019 07:54:50 AM UTC,217 [8510] INFO core.email - ========== Message Begins ==========

Time : August 1, 2019, 7:54 am
Message Type : Success
Message : Leave application email was sent to abdulmajid@eurekatechnologystudio.com

========== Message Ends ==========


Tue 06 Aug 2019 07:36:16 AM UTC,050 [15461] INFO core.email - ========== Message Begins ==========

Time : August 6, 2019, 7:36 am
Message Type : Success
Message : Leave application email was sent to naveed.ur.rehman@rebeltechnology.io

========== Message Ends ==========


Tue 06 Aug 2019 07:36:56 AM UTC,026 [3648] INFO core.email - ========== Message Begins ==========

Time : August 6, 2019, 7:36 am
Message Type : Success
Message : Leave application email was sent to naveed.ur.rehman@rebeltechnology.io

========== Message Ends ==========


Fri 23 Aug 2019 07:45:26 AM UTC,078 [2004] INFO core.email - ========== Message Begins ==========

Time : August 23, 2019, 7:45 am
Message Type : Success
Message : Leave application email was sent to ali.ijaz@rebeltechnology.io

========== Message Ends ==========


Fri 23 Aug 2019 08:03:06 AM UTC,546 [2008] INFO core.email - ========== Message Begins ==========

Time : August 23, 2019, 8:03 am
Message Type : Success
Message : Leave application email was sent to umair@rebeltechnology.io

========== Message Ends ==========


Mon 16 Sep 2019 06:36:28 AM UTC,761 [9528] INFO core.email - ========== Message Begins ==========

Time : September 16, 2019, 6:36 am
Message Type : Success
Message : Leave application email was sent to maavia.kamran@rebeltechnology.io

========== Message Ends ==========


Mon 16 Sep 2019 06:36:53 AM UTC,185 [9528] INFO core.email - ========== Message Begins ==========

Time : September 16, 2019, 6:36 am
Message Type : Success
Message : Leave application email was sent to maavia.kamran@rebeltechnology.io

========== Message Ends ==========


Mon 16 Sep 2019 06:37:31 AM UTC,866 [10138] INFO core.email - ========== Message Begins ==========

Time : September 16, 2019, 6:37 am
Message Type : Success
Message : Leave application email was sent to naveed.ur.rehman@rebeltechnology.io

========== Message Ends ==========


Mon 16 Sep 2019 06:38:04 AM UTC,267 [9533] INFO core.email - ========== Message Begins ==========

Time : September 16, 2019, 6:38 am
Message Type : Success
Message : Leave application email was sent to imran@eurekatechnologystudio.com

========== Message Ends ==========


Mon 16 Sep 2019 06:38:21 AM UTC,941 [9534] INFO core.email - ========== Message Begins ==========

Time : September 16, 2019, 6:38 am
Message Type : Success
Message : Leave application email was sent to imran@eurekatechnologystudio.com

========== Message Ends ==========


Mon 16 Sep 2019 06:38:46 AM UTC,280 [9535] INFO core.email - ========== Message Begins ==========

Time : September 16, 2019, 6:38 am
Message Type : Success
Message : Leave application email was sent to imran@eurekatechnologystudio.com

========== Message Ends ==========


Tue 17 Sep 2019 09:06:20 AM UTC,922 [2020] INFO core.email - ========== Message Begins ==========

Time : September 17, 2019, 9:06 am
Message Type : Success
Message : Leave application email was sent to imran@eurekatechnologystudio.com

========== Message Ends ==========


Tue 17 Sep 2019 09:07:25 AM UTC,955 [2022] INFO core.email - ========== Message Begins ==========

Time : September 17, 2019, 9:07 am
Message Type : Success
Message : Leave application email was sent to imran@eurekatechnologystudio.com

========== Message Ends ==========


Tue 17 Sep 2019 09:32:47 AM UTC,322 [2019] INFO core.email - ========== Message Begins ==========

Time : September 17, 2019, 9:32 am
Message Type : Success
Message : Leave application email was sent to maavia.kamran@rebeltechnology.io

========== Message Ends ==========


Tue 17 Sep 2019 10:24:07 AM UTC,677 [2020] INFO core.email - ========== Message Begins ==========

Time : September 17, 2019, 10:24 am
Message Type : Success
Message : Leave application email was sent to imran@eurekatechnologystudio.com

========== Message Ends ==========


